[15:55:26] [SadegelCore] Error a l'afegir identificador co galeta per a PRODUCT 4. Probablement duplicat.
[15:55:26] Table 'sadegel_stock.sadegel_stock_product_identifiers' doesn't exist
[15:55:26]    at MySql.Data.MySqlClient.MySqlStream.ReadPacket()
   at MySql.Data.MySqlClient.NativeDriver.GetResult(Int32& affectedRow, Int64& insertedId)
   at MySql.Data.MySqlClient.Driver.GetResult(Int32 statementId, Int32& affectedRows, Int64& insertedId)
   at MySql.Data.MySqlClient.Driver.NextResult(Int32 statementId, Boolean force)
   at MySql.Data.MySqlClient.MySqlDataReader.NextResult()
   at MySql.Data.MySqlClient.MySqlCommand.ExecuteReader(CommandBehavior behavior)
   at MySql.Data.MySqlClient.MySqlCommand.ExecuteNonQuery()
   at SadegelCore.Product.AddIdentifier(String Identifier)
[15:57:15] [SadegelCore] Afegir identificador con galeta petit per a PRODUCT 4
[15:57:46] [SadegelCore] Error a l'eliminar identificador con galeta petit per a PRODUCT 4
[15:57:46] You have an error in your SQL syntax; check the manual that corresponds to your MariaDB server version for the right syntax to use near 'WHERE productId = 4 AND identifier = 'con galeta petit'' at line 1
[15:57:46]    at MySql.Data.MySqlClient.MySqlStream.ReadPacket()
   at MySql.Data.MySqlClient.NativeDriver.GetResult(Int32& affectedRow, Int64& insertedId)
   at MySql.Data.MySqlClient.Driver.GetResult(Int32 statementId, Int32& affectedRows, Int64& insertedId)
   at MySql.Data.MySqlClient.Driver.NextResult(Int32 statementId, Boolean force)
   at MySql.Data.MySqlClient.MySqlDataReader.NextResult()
   at MySql.Data.MySqlClient.MySqlCommand.ExecuteReader(CommandBehavior behavior)
   at MySql.Data.MySqlClient.MySqlCommand.ExecuteNonQuery()
   at SadegelCore.Product.RemoveIdentifier(String Identifier)
[16:05:37] [SadegelCore] Error a l'eliminar identificador con galeta petit per a PRODUCT 4
[16:05:37] You have an error in your SQL syntax; check the manual that corresponds to your MariaDB server version for the right syntax to use near 'WHERE identifier = 'con galeta petit'' at line 1
[16:05:37]    at MySql.Data.MySqlClient.MySqlStream.ReadPacket()
   at MySql.Data.MySqlClient.NativeDriver.GetResult(Int32& affectedRow, Int64& insertedId)
   at MySql.Data.MySqlClient.Driver.GetResult(Int32 statementId, Int32& affectedRows, Int64& insertedId)
   at MySql.Data.MySqlClient.Driver.NextResult(Int32 statementId, Boolean force)
   at MySql.Data.MySqlClient.MySqlDataReader.NextResult()
   at MySql.Data.MySqlClient.MySqlCommand.ExecuteReader(CommandBehavior behavior)
   at MySql.Data.MySqlClient.MySqlCommand.ExecuteNonQuery()
   at SadegelCore.Product.RemoveIdentifier(String Identifier)
[16:05:43] [SadegelCore] Afegir identificador conet per a PRODUCT 4
