[14:38:13] Connectat al servidor de Exchange de manera satisfactòria
[14:38:22] Trobats: 3 correus sense llegir.
[14:38:22] PROCESSANT NOU EMAIL: Cierre de caja 1 usuario test
[14:38:22] Nom establiment: Adrià Alberich
[14:38:22] Descarregat adjunt: C:\Users\Pc-Com\AppData\Local\Temp\Cierres de caja.pdf
[14:38:22] Descarregat adjunt: C:\Users\Pc-Com\AppData\Local\Temp\Cierres de caja ampliado.pdf
[14:40:59] Connectat al servidor de Exchange de manera satisfactòria
[14:41:04] Trobats: 4 correus sense llegir.
[14:41:04] PROCESSANT NOU EMAIL: Fwd: Cierre de caja 1 usuario test
[14:41:04] Nom establiment: Adrià Alberich
[14:41:04] Descarregat adjunt: C:\Users\Pc-Com\AppData\Local\Temp\Cierres de caja.pdf
[14:41:04] Descarregat adjunt: C:\Users\Pc-Com\AppData\Local\Temp\Cierres de caja ampliado.pdf
[14:41:05] B55138200
Carrer Estrasburg,s/n local 84
Empresa:  
NIF:  
Dirección:  
Gelatiamo-Izozkia,S.L.
Tiquet inicial:
353928
Ticket final:
354107
09/04/2019 22:58
10/04/2019 23:06
Cierre:
1774
Caja:
1
CIERRE DE CAJA Z
Caja:
VENTAS POR FORMA DE PAGO 
FORMA DE PAGO
IMPORTE
N.OP
1
499,94
133
CONTADO
7
253,66
47
VISA
180
753,60
CUADRE DE CAJA
CONTADO
VENTAS
133
499,94
VISA
VENTAS
47
253,66
753,60
Saldo calculado:
Saldo real:
Descuadre:
Retirado:
Nuevo Saldo:
799,94
787,21
-12,73
487,21
300,00
-
TOTAL CALCULADO Ventas
EXTRACTO POR FORMA DE PAGO
VISA
N.TIC
MESA
HORA
USUARIO
IMPORTE
353936
TI  19
09:44
1,26
paula
353937
TI  19
09:51
2,50
paula
353940
TI  19
09:57
2,16
paula
353941
TI  22
09:58
4,00
paula
353944
TI  22
10:03
1,26
paula
353958
TI  28
10:57
1,80
paula
353959
TI  21
11:06
2,52
paula
353962
TI  21
11:11
5,00
paula
353963
TI  21
11:17
2,34
paula
353977
TI  29
12:59
2,52
paula
353979
TI  27
13:18
3,50
paula
353988
TI  28
13:45
12,50
paula
353994
TI  30
14:16
3,60
paula

[14:41:05] 354003
TI  31
15:08
10,00
paula
354011
TI  35
15:53
3,00
paula
354014
TI  28
16:26
5,70
paula
354016
TI  28
16:28
4,50
paula
354017
TI  28
16:28
8,60
paula
354023
TI  35
16:39
4,95
paula
354024
TI  35
16:40
6,00
paula
354025
TI  35
16:41
3,25
paula
354030
TI  35
17:18
4,00
paula
354031
TI  35
17:22
3,00
paula
354035
TI  28
17:34
1,26
paula
354038
TI  28
17:46
14,70
paula
354041
TI  34
17:59
5,70
paula
354044
TI  32
18:24
9,80
paula
354046
TI  32
18:35
3,60
paula
354049
TI  32
18:39
1,26
paula
354051
TI  32
18:43
14,50
paula
354061
TI  32
18:58
3,90
paula
354065
TI  32
19:03
4,90
paula
354067
TI  30
15:45
2,52
paula
354068
TI  30
19:14
3,00
paula
354069
TI  32
19:17
11,50
paula
354075
TI  30
19:24
5,10
paula
354077
TI  23
20:09
7,70
paula
354078
TI  30
19:27
7,70
paula
354079
TI  30
19:28
7,70
paula
354083
TI  30
19:37
2,70
paula
354086
TI  30
19:42
13,70
paula
354091
TI  23
20:08
6,90
paula
354093
TI  23
20:24
10,65
paula
354094
TI  23
20:26
4,30
paula
354095
TI  23
20:27
5,50
paula
354100
TI  23
20:56
5,40
paula
354107
TI  23
22:18
1,71
paula
253,66
VENTAS POR USUARIO
USUARIO
IMPORTE
N.OP
paula
11
753,6
180
180
753,6
VENTAS
RESUMEN DE VENTAS
TOTAL
NUM.TICKETS
NUM.CLIENTES
MEDIA X TICKET
MEDIA X CLIENTE
NUMERO DEV
IMPORTE DEV
753,60
180
4,19
0,00
0
0
0,00
VENTAS POR SECCION
SECCION
N.ART
IMPORTE
%

[14:41:05] General
41
57,08
7,52
HELADERIA
33
108,10
14,23
BEBIDAS
62
113,80
14,98
CAFETERIA
189
309,42
40,74
SNACK
34
132,90
17,50
GRANIZADOS/HORCHATA/MILKSHAKE/SMOTHIES
8
29,10
3,83
PROMOCIONES
3
9,10
1,20
IMPUESTOS
BASE IMP.
CUOTA
TOTAL
%IVA
10
685,14
68,46
753,60
DESCUENTOS POR GRUPO
Grupo
Importe
Desc
Sin descuento
5,905
0
5,905
TOTAL
VENTAS POR FAMILIA
General
CANTIDAD
IMPORTE
DESCRIPCION
bocadillo fuet
1
2,80
bocadillo jamon y queso
1
2,80
bocadillo pollo
1
3,60
cafe leche alcampo
38
47,88
Total
General
41
57,08
HELADERIA
CANTIDAD
IMPORTE
DESCRIPCION
CON PETIT 1B
2
5,40
CON CROCANTI
2
6,20
TERRINA MITJANA 3B
2
8,00
TERRINA GRAN 4B
2
10,00
CON MITJA 2B
7
24,50
TERRINA PETITA 2B
18
54,00
Total
HELADERIA
33
108,10
BEBIDAS
CANTIDAD
IMPORTE
DESCRIPCION
CHIPS
1
1,40
AIGUA GAS
1
1,50
OLIVAS
1
1,60
AQUARIUS 330ML
1
1,90
TARONJA REFR 330ML SLEEK
1
1,90
SUC PINYA AMPOLLA
2
4,20
COLA ZERO 330ML SLEEK
4
7,60
SUC TARONJA NATURAL
4
10,00
COLA LG 330ML SLEEK
5
9,50

[14:41:05] AIGUA 500ML
8
9,60
CACAOLAT 200ML
11
20,90
COLA 330ML SLEEK
11
20,90
CERVESA 1/3 RET
12
22,80
Total
BEBIDAS
62
113,80
CAFETERIA
CANTIDAD
IMPORTE
DESCRIPCION
GOT DE LLET
1
1,10
CROIS XOC
1
1,40
MINI
1
1,40
CAFE ESCOCES
1
4,30
NAPOLITANA
2
2,80
CIGALÓ
2
3,80
CF+BOLL
2
4,60
CAPUCCINO NATA
2
5,20
HIELO SUP.
3
0,30
XOCO FRAPPE CROCANT
3
11,40
CF AMERICÀ
5
7,00
CROISSANT
6
7,20
CF+CROIS
6
12,00
CAPUCCINO
7
15,40
CF+MINI
8
20,00
BIKINI
9
21,60
INFUSIONS & TE
11
22,00
CF SOL
19
23,41
CF TALLAT
32
42,66
CF AMB LLET
68
101,85
Total
CAFETERIA
189
309,42
SNACK
CANTIDAD
IMPORTE
DESCRIPCION
TORTITAS 1 INGRE.
2
7,80
CREP 2 INGRE.
2
8,40
CR PERN+FORM
3
11,40
GOFRE 1 INGRE.
3
11,70
CREP 1 INGRE.
24
93,60
Total
SNACK
34
132,90
GRANIZADOS/HORCHATA/MILKSHAKE/SMOTHIES
CANTIDAD
IMPORTE
DESCRIPCION
GR GR  MADUIX
1
3,20
 VALENCIANO
2
6,40
MK GR GELAT
2
7,80
MK GR 4 FRUITAS
3
11,70
Total
GRANIZADOS/HORCHATA/MILKSHAKE/SMOTHIES
8
29,10

[14:41:05] PROMOCIONES
CANTIDAD
IMPORTE
DESCRIPCION
CF+BIKINI
1
2,90
ZUMO NAT+MINI
2
6,20
Total
PROMOCIONES
3
9,10
370
759,50
TOTAL VENTAS

[14:41:05] VENTAS POR FORMA DE PAGO 
FORMA DE PAGO
IMPORTE
N.OP
1
499,94
133
CONTADO
7
253,66
47
VISA
180
753,60

