[13:57:22] Connectat al servidor de Exchange de manera satisfactòria
[14:26:53] Connectat al servidor de Exchange de manera satisfactòria
[14:27:36] Connectat al servidor de Exchange de manera satisfactòria
[14:27:42] The request failed. The remote server returned an error: (401) Unauthorized.
[14:27:42]    at Microsoft.Exchange.WebServices.Data.ServiceRequestBase.GetEwsHttpWebResponse(IEwsHttpWebRequest request) in \\REDMOND\EXCHANGE\BUILD\E15\15.00.0913.015\SOURCES\sources\dev\EwsManagedApi\src\EwsManagedApi\Core\Requests\ServiceRequestBase.cs:line 831
   at Microsoft.Exchange.WebServices.Data.ServiceRequestBase.ValidateAndEmitRequest(IEwsHttpWebRequest& request) in \\REDMOND\EXCHANGE\BUILD\E15\15.00.0913.015\SOURCES\sources\dev\EwsManagedApi\src\EwsManagedApi\Core\Requests\ServiceRequestBase.cs:line 724
   at Microsoft.Exchange.WebServices.Data.MultiResponseServiceRequest`1.Execute() in \\REDMOND\EXCHANGE\BUILD\E15\15.00.0913.015\SOURCES\sources\dev\EwsManagedApi\src\EwsManagedApi\Core\Requests\MultiResponseServiceRequest.cs:line 157
   at Microsoft.Exchange.WebServices.Data.ExchangeService.FindItems[TItem](IEnumerable`1 parentFolderIds, SearchFilter searchFilter, String queryString, ViewBase view, Grouping groupBy, ServiceErrorHandling errorHandlingMode) in \\REDMOND\EXCHANGE\BUILD\E15\15.00.0913.015\SOURCES\sources\dev\EwsManagedApi\src\EwsManagedApi\Core\ExchangeService.cs:line 832
   at Microsoft.Exchange.WebServices.Data.ExchangeService.FindItems(FolderId parentFolderId, SearchFilter searchFilter, ViewBase view) in \\REDMOND\EXCHANGE\BUILD\E15\15.00.0913.015\SOURCES\sources\dev\EwsManagedApi\src\EwsManagedApi\Core\ExchangeService.cs:line 937
   at Microsoft.Exchange.WebServices.Data.ExchangeService.FindItems(WellKnownFolderName parentFolderName, SearchFilter searchFilter, ViewBase view) in \\REDMOND\EXCHANGE\BUILD\E15\15.00.0913.015\SOURCES\sources\dev\EwsManagedApi\src\EwsManagedApi\Core\ExchangeService.cs:line 990
   at SadegelBot.Exchange.ProcessNewEmails() in F:\Repositorios\SadegelStock\SadegelStock\Sadegel\SadegelBot\Exchange.cs:line 72
[14:31:37] The request failed. The remote server returned an error: (401) Unauthorized.
[14:31:37]    at Microsoft.Exchange.WebServices.Data.ServiceRequestBase.GetEwsHttpWebResponse(IEwsHttpWebRequest request) in \\REDMOND\EXCHANGE\BUILD\E15\15.00.0913.015\SOURCES\sources\dev\EwsManagedApi\src\EwsManagedApi\Core\Requests\ServiceRequestBase.cs:line 831
   at Microsoft.Exchange.WebServices.Data.ServiceRequestBase.ValidateAndEmitRequest(IEwsHttpWebRequest& request) in \\REDMOND\EXCHANGE\BUILD\E15\15.00.0913.015\SOURCES\sources\dev\EwsManagedApi\src\EwsManagedApi\Core\Requests\ServiceRequestBase.cs:line 724
   at Microsoft.Exchange.WebServices.Data.MultiResponseServiceRequest`1.Execute() in \\REDMOND\EXCHANGE\BUILD\E15\15.00.0913.015\SOURCES\sources\dev\EwsManagedApi\src\EwsManagedApi\Core\Requests\MultiResponseServiceRequest.cs:line 157
   at Microsoft.Exchange.WebServices.Data.ExchangeService.FindItems[TItem](IEnumerable`1 parentFolderIds, SearchFilter searchFilter, String queryString, ViewBase view, Grouping groupBy, ServiceErrorHandling errorHandlingMode) in \\REDMOND\EXCHANGE\BUILD\E15\15.00.0913.015\SOURCES\sources\dev\EwsManagedApi\src\EwsManagedApi\Core\ExchangeService.cs:line 832
   at Microsoft.Exchange.WebServices.Data.ExchangeService.FindItems(FolderId parentFolderId, SearchFilter searchFilter, ViewBase view) in \\REDMOND\EXCHANGE\BUILD\E15\15.00.0913.015\SOURCES\sources\dev\EwsManagedApi\src\EwsManagedApi\Core\ExchangeService.cs:line 937
   at Microsoft.Exchange.WebServices.Data.ExchangeService.FindItems(WellKnownFolderName parentFolderName, SearchFilter searchFilter, ViewBase view) in \\REDMOND\EXCHANGE\BUILD\E15\15.00.0913.015\SOURCES\sources\dev\EwsManagedApi\src\EwsManagedApi\Core\ExchangeService.cs:line 990
   at SadegelBot.Exchange.ProcessNewEmails() in F:\Repositorios\SadegelStock\SadegelStock\Sadegel\SadegelBot\Exchange.cs:line 72
[16:07:17] Error al connectar al servidor de Exchange amb les credencials donades
[16:07:17] Autodiscover blocked a potentially insecure redirection to https://pro1.mail.ovh.net/autodiscover/autodiscover.xml. To allow Autodiscover to follow the redirection, use the AutodiscoverUrl(string, AutodiscoverRedirectionUrlValidationCallback) overload.
[16:12:10] Error al connectar al servidor de Exchange amb les credencials donades
[16:12:10] The Autodiscover service couldn't be located.
[16:13:33] Connectat al servidor de Exchange de manera satisfactòria
[16:13:41] The request failed. The remote server returned an error: (401) Unauthorized.
[16:13:41]    at Microsoft.Exchange.WebServices.Data.ServiceRequestBase.GetEwsHttpWebResponse(IEwsHttpWebRequest request) in \\REDMOND\EXCHANGE\BUILD\E15\15.00.0913.015\SOURCES\sources\dev\EwsManagedApi\src\EwsManagedApi\Core\Requests\ServiceRequestBase.cs:line 831
   at Microsoft.Exchange.WebServices.Data.ServiceRequestBase.ValidateAndEmitRequest(IEwsHttpWebRequest& request) in \\REDMOND\EXCHANGE\BUILD\E15\15.00.0913.015\SOURCES\sources\dev\EwsManagedApi\src\EwsManagedApi\Core\Requests\ServiceRequestBase.cs:line 724
   at Microsoft.Exchange.WebServices.Data.MultiResponseServiceRequest`1.Execute() in \\REDMOND\EXCHANGE\BUILD\E15\15.00.0913.015\SOURCES\sources\dev\EwsManagedApi\src\EwsManagedApi\Core\Requests\MultiResponseServiceRequest.cs:line 157
   at Microsoft.Exchange.WebServices.Data.ExchangeService.FindItems[TItem](IEnumerable`1 parentFolderIds, SearchFilter searchFilter, String queryString, ViewBase view, Grouping groupBy, ServiceErrorHandling errorHandlingMode) in \\REDMOND\EXCHANGE\BUILD\E15\15.00.0913.015\SOURCES\sources\dev\EwsManagedApi\src\EwsManagedApi\Core\ExchangeService.cs:line 832
   at Microsoft.Exchange.WebServices.Data.ExchangeService.FindItems(FolderId parentFolderId, SearchFilter searchFilter, ViewBase view) in \\REDMOND\EXCHANGE\BUILD\E15\15.00.0913.015\SOURCES\sources\dev\EwsManagedApi\src\EwsManagedApi\Core\ExchangeService.cs:line 937
   at Microsoft.Exchange.WebServices.Data.ExchangeService.FindItems(WellKnownFolderName parentFolderName, SearchFilter searchFilter, ViewBase view) in \\REDMOND\EXCHANGE\BUILD\E15\15.00.0913.015\SOURCES\sources\dev\EwsManagedApi\src\EwsManagedApi\Core\ExchangeService.cs:line 990
   at SadegelBot.Exchange.ProcessNewEmails() in F:\Repositorios\SadegelStock\SadegelStock\Sadegel\SadegelBot\Exchange.cs:line 73
[16:15:36] Connectat al servidor de Exchange de manera satisfactòria
[16:15:40] The request failed. The remote server returned an error: (401) Unauthorized.
[16:15:40]    at Microsoft.Exchange.WebServices.Data.ServiceRequestBase.GetEwsHttpWebResponse(IEwsHttpWebRequest request) in \\REDMOND\EXCHANGE\BUILD\E15\15.00.0913.015\SOURCES\sources\dev\EwsManagedApi\src\EwsManagedApi\Core\Requests\ServiceRequestBase.cs:line 831
   at Microsoft.Exchange.WebServices.Data.ServiceRequestBase.ValidateAndEmitRequest(IEwsHttpWebRequest& request) in \\REDMOND\EXCHANGE\BUILD\E15\15.00.0913.015\SOURCES\sources\dev\EwsManagedApi\src\EwsManagedApi\Core\Requests\ServiceRequestBase.cs:line 724
   at Microsoft.Exchange.WebServices.Data.MultiResponseServiceRequest`1.Execute() in \\REDMOND\EXCHANGE\BUILD\E15\15.00.0913.015\SOURCES\sources\dev\EwsManagedApi\src\EwsManagedApi\Core\Requests\MultiResponseServiceRequest.cs:line 157
   at Microsoft.Exchange.WebServices.Data.ExchangeService.FindItems[TItem](IEnumerable`1 parentFolderIds, SearchFilter searchFilter, String queryString, ViewBase view, Grouping groupBy, ServiceErrorHandling errorHandlingMode) in \\REDMOND\EXCHANGE\BUILD\E15\15.00.0913.015\SOURCES\sources\dev\EwsManagedApi\src\EwsManagedApi\Core\ExchangeService.cs:line 832
   at Microsoft.Exchange.WebServices.Data.ExchangeService.FindItems(FolderId parentFolderId, SearchFilter searchFilter, ViewBase view) in \\REDMOND\EXCHANGE\BUILD\E15\15.00.0913.015\SOURCES\sources\dev\EwsManagedApi\src\EwsManagedApi\Core\ExchangeService.cs:line 937
   at Microsoft.Exchange.WebServices.Data.ExchangeService.FindItems(WellKnownFolderName parentFolderName, SearchFilter searchFilter, ViewBase view) in \\REDMOND\EXCHANGE\BUILD\E15\15.00.0913.015\SOURCES\sources\dev\EwsManagedApi\src\EwsManagedApi\Core\ExchangeService.cs:line 990
   at SadegelBot.Exchange.ProcessNewEmails() in F:\Repositorios\SadegelStock\SadegelStock\Sadegel\SadegelBot\Exchange.cs:line 73
